Build started 12/10/2010 9:33:24 PM.
     1>Project "C:\Work\Delirium Wars\src\freeglut-2.4.0\freeglut.vcxproj" on node 2 (build target(s)).
     1>InitializeBuildStatus:
         Creating ".\Release\freeglut.unsuccessfulbuild" because "AlwaysCreate" was specified.
       ClCompile:
         All outputs are up-to-date.
       Link:
         All outputs are up-to-date.
         C:\Program Files (x86)\Microsoft Visual Studio 10.0\VC\bin\link.exe /ERRORREPORT:PROMPT /OUT:"..\..\bin\freeglut.dll" /INCREMENTAL:NO /NOLOGO kernel32.lib user32.lib gdi32.lib winspool.lib comdlg32.lib advapi32.lib shell32.lib ole32.lib oleaut32.lib uuid.lib odbc32.lib odbccp32.lib /MANIFEST /ManifestFile:".\Release\freeglut.dll.intermediate.manifest" /MANIFESTUAC:"level='asInvoker' uiAccess='false'" /PDB:".\Release/freeglut.pdb" /TLBID:1 /DYNAMICBASE:NO /IMPLIB:".\Release/freeglut.lib" /MACHINE:X86 /DLL .\Release/freeglut_callbacks.obj
         .\Release/freeglut_cursor.obj
         .\Release/freeglut_display.obj
         .\Release/freeglut_ext.obj
         .\Release/freeglut_font.obj
         .\Release/freeglut_font_data.obj
         .\Release/freeglut_gamemode.obj
         .\Release/freeglut_geometry.obj
         .\Release/freeglut_glutfont_definitions.obj
         .\Release/freeglut_init.obj
         .\Release/freeglut_joystick.obj
         .\Release/freeglut_main.obj
         .\Release/freeglut_menu.obj
         .\Release/freeglut_misc.obj
         .\Release/freeglut_overlay.obj
         .\Release/freeglut_state.obj
         .\Release/freeglut_stroke_mono_roman.obj
         .\Release/freeglut_stroke_roman.obj
         .\Release/freeglut_structure.obj
         .\Release/freeglut_teapot.obj
         .\Release/freeglut_videoresize.obj
         .\Release/freeglut_window.obj
            Creating library .\Release/freeglut.lib and object .\Release/freeglut.exp
         freeglut.vcxproj -> C:\Work\Delirium Wars\src\freeglut-2.4.0\..\..\bin\freeglut.dll
       Manifest:
         C:\Program Files (x86)\Microsoft SDKs\Windows\v7.0A\bin\mt.exe /nologo /verbose /outputresource:"..\..\bin\freeglut.dll;#2" /manifest .\Release\freeglut.dll.intermediate.manifest
       FinalizeBuildStatus:
         Deleting file ".\Release\freeglut.unsuccessfulbuild".
         Touching ".\Release\freeglut.lastbuildstate".
     1>Done Building Project "C:\Work\Delirium Wars\src\freeglut-2.4.0\freeglut.vcxproj" (build target(s)).

Build succeeded.

Time Elapsed 00:00:00.22
