Build started 12/10/2010 9:18:51 PM.
     1>Project "C:\Work\Delirium Wars\src\freeglut-2.4.0\freeglut_static.vcxproj" on node 2 (build target(s)).
     1>InitializeBuildStatus:
         Creating ".\DebugStatic\freeglut_static.unsuccessfulbuild" because "AlwaysCreate" was specified.
       ClCompile:
         C:\Program Files (x86)\Microsoft Visual Studio 10.0\VC\bin\CL.exe /c /Iinclude /ZI /nologo /W3 /WX- /Od /Oy- /D _DEBUG /D FREEGLUT_STATIC /D WIN32 /D _LIB /D _VC80_UPGRADE=0x0600 /D _MBCS /Gm /EHsc /RTC1 /MTd /GS /fp:precise /Zc:wchar_t /Zc:forScope /Fo".\DebugStatic/" /Fd".\DebugStatic/vc100.pdb" /FR".\DebugStatic\\" /Gd /TC /analyze- /errorReport:prompt src\freeglut_callbacks.c src\freeglut_cursor.c src\freeglut_display.c src\freeglut_ext.c src\freeglut_font.c src\freeglut_font_data.c src\freeglut_gamemode.c src\freeglut_geometry.c src\freeglut_glutfont_definitions.c src\freeglut_init.c src\freeglut_joystick.c src\freeglut_main.c src\freeglut_menu.c src\freeglut_misc.c src\freeglut_overlay.c src\freeglut_state.c src\freeglut_stroke_mono_roman.c src\freeglut_stroke_roman.c src\freeglut_structure.c src\freeglut_teapot.c src\freeglut_videoresize.c src\freeglut_window.c
         freeglut_window.c
         fgSetupPixelFormat(): there is still some work to do here!
         freeglut_videoresize.c
         freeglut_teapot.c
         freeglut_structure.c
         freeglut_stroke_roman.c
         freeglut_stroke_mono_roman.c
         freeglut_state.c
         freeglut_overlay.c
         freeglut_misc.c
         freeglut_menu.c
         freeglut_main.c
         freeglut_joystick.c
     1>c:\work\delirium wars\src\freeglut-2.4.0\src\freeglut_joystick.c(1002): warning C4996: 'sprintf': This function or variable may be unsafe. Consider using sprintf_s instead. To disable deprecation, use _CRT_SECURE_NO_WARNINGS. See online help for details.
                 c:\program files (x86)\microsoft visual studio 10.0\vc\include\stdio.h(371) : see declaration of 'sprintf'
     1>c:\work\delirium wars\src\freeglut-2.4.0\src\freeglut_joystick.c(1012): warning C4996: 'sprintf': This function or variable may be unsafe. Consider using sprintf_s instead. To disable deprecation, use _CRT_SECURE_NO_WARNINGS. See online help for details.
                 c:\program files (x86)\microsoft visual studio 10.0\vc\include\stdio.h(371) : see declaration of 'sprintf'
     1>c:\work\delirium wars\src\freeglut-2.4.0\src\freeglut_joystick.c(1020): warning C4996: 'sprintf': This function or variable may be unsafe. Consider using sprintf_s instead. To disable deprecation, use _CRT_SECURE_NO_WARNINGS. See online help for details.
                 c:\program files (x86)\microsoft visual studio 10.0\vc\include\stdio.h(371) : see declaration of 'sprintf'
     1>c:\work\delirium wars\src\freeglut-2.4.0\src\freeglut_joystick.c(1249): warning C4996: 'strncpy': This function or variable may be unsafe. Consider using strncpy_s instead. To disable deprecation, use _CRT_SECURE_NO_WARNINGS. See online help for details.
                 c:\program files (x86)\microsoft visual studio 10.0\vc\include\string.h(188) : see declaration of 'strncpy'
         freeglut_init.c
     1>c:\work\delirium wars\src\freeglut-2.4.0\src\freeglut_init.c(520): warning C4996: 'getenv': This function or variable may be unsafe. Consider using _dupenv_s instead. To disable deprecation, use _CRT_SECURE_NO_WARNINGS. See online help for details.
                 c:\program files (x86)\microsoft visual studio 10.0\vc\include\stdlib.h(433) : see declaration of 'getenv'
     1>c:\work\delirium wars\src\freeglut-2.4.0\src\freeglut_init.c(524): warning C4996: 'sscanf': This function or variable may be unsafe. Consider using sscanf_s instead. To disable deprecation, use _CRT_SECURE_NO_WARNINGS. See online help for details.
                 c:\program files (x86)\microsoft visual studio 10.0\vc\include\stdio.h(325) : see declaration of 'sscanf'
     1>c:\work\delirium wars\src\freeglut-2.4.0\src\freeglut_init.c(533): warning C4996: 'getenv': This function or variable may be unsafe. Consider using _dupenv_s instead. To disable deprecation, use _CRT_SECURE_NO_WARNINGS. See online help for details.
                 c:\program files (x86)\microsoft visual studio 10.0\vc\include\stdlib.h(433) : see declaration of 'getenv'
     1>c:\work\delirium wars\src\freeglut-2.4.0\src\freeglut_init.c(713): warning C4996: 'strtok': This function or variable may be unsafe. Consider using strtok_s instead. To disable deprecation, use _CRT_SECURE_NO_WARNINGS. See online help for details.
                 c:\program files (x86)\microsoft visual studio 10.0\vc\include\string.h(197) : see declaration of 'strtok'
     1>c:\work\delirium wars\src\freeglut-2.4.0\src\freeglut_init.c(883): warning C4996: 'strtok': This function or variable may be unsafe. Consider using strtok_s instead. To disable deprecation, use _CRT_SECURE_NO_WARNINGS. See online help for details.
                 c:\program files (x86)\microsoft visual studio 10.0\vc\include\string.h(197) : see declaration of 'strtok'
         freeglut_glutfont_definitions.c
         freeglut_geometry.c
         freeglut_gamemode.c
     1>c:\work\delirium wars\src\freeglut-2.4.0\src\freeglut_gamemode.c(394): warning C4996: 'sscanf': This function or variable may be unsafe. Consider using sscanf_s instead. To disable deprecation, use _CRT_SECURE_NO_WARNINGS. See online help for details.
                 c:\program files (x86)\microsoft visual studio 10.0\vc\include\stdio.h(325) : see declaration of 'sscanf'
     1>c:\work\delirium wars\src\freeglut-2.4.0\src\freeglut_gamemode.c(395): warning C4996: 'sscanf': This function or variable may be unsafe. Consider using sscanf_s instead. To disable deprecation, use _CRT_SECURE_NO_WARNINGS. See online help for details.
                 c:\program files (x86)\microsoft visual studio 10.0\vc\include\stdio.h(325) : see declaration of 'sscanf'
     1>c:\work\delirium wars\src\freeglut-2.4.0\src\freeglut_gamemode.c(396): warning C4996: 'sscanf': This function or variable may be unsafe. Consider using sscanf_s instead. To disable deprecation, use _CRT_SECURE_NO_WARNINGS. See online help for details.
                 c:\program files (x86)\microsoft visual studio 10.0\vc\include\stdio.h(325) : see declaration of 'sscanf'
     1>c:\work\delirium wars\src\freeglut-2.4.0\src\freeglut_gamemode.c(397): warning C4996: 'sscanf': This function or variable may be unsafe. Consider using sscanf_s instead. To disable deprecation, use _CRT_SECURE_NO_WARNINGS. See online help for details.
                 c:\program files (x86)\microsoft visual studio 10.0\vc\include\stdio.h(325) : see declaration of 'sscanf'
     1>c:\work\delirium wars\src\freeglut-2.4.0\src\freeglut_gamemode.c(398): warning C4996: 'sscanf': This function or variable may be unsafe. Consider using sscanf_s instead. To disable deprecation, use _CRT_SECURE_NO_WARNINGS. See online help for details.
                 c:\program files (x86)\microsoft visual studio 10.0\vc\include\stdio.h(325) : see declaration of 'sscanf'
     1>c:\work\delirium wars\src\freeglut-2.4.0\src\freeglut_gamemode.c(399): warning C4996: 'sscanf': This function or variable may be unsafe. Consider using sscanf_s instead. To disable deprecation, use _CRT_SECURE_NO_WARNINGS. See online help for details.
                 c:\program files (x86)\microsoft visual studio 10.0\vc\include\stdio.h(325) : see declaration of 'sscanf'
     1>c:\work\delirium wars\src\freeglut-2.4.0\src\freeglut_gamemode.c(400): warning C4996: 'sscanf': This function or variable may be unsafe. Consider using sscanf_s instead. To disable deprecation, use _CRT_SECURE_NO_WARNINGS. See online help for details.
                 c:\program files (x86)\microsoft visual studio 10.0\vc\include\stdio.h(325) : see declaration of 'sscanf'
         freeglut_font_data.c
         freeglut_font.c
         freeglut_ext.c
         freeglut_display.c
         Generating Code...
         Compiling...
         freeglut_cursor.c
         freeglut_callbacks.c
         Generating Code...
       Lib:
         C:\Program Files (x86)\Microsoft Visual Studio 10.0\VC\bin\Lib.exe /OUT:".\DebugStatic\freeglut_static.lib" /NOLOGO .\DebugStatic/freeglut_callbacks.obj
         .\DebugStatic/freeglut_cursor.obj
         .\DebugStatic/freeglut_display.obj
         .\DebugStatic/freeglut_ext.obj
         .\DebugStatic/freeglut_font.obj
         .\DebugStatic/freeglut_font_data.obj
         .\DebugStatic/freeglut_gamemode.obj
         .\DebugStatic/freeglut_geometry.obj
         .\DebugStatic/freeglut_glutfont_definitions.obj
         .\DebugStatic/freeglut_init.obj
         .\DebugStatic/freeglut_joystick.obj
         .\DebugStatic/freeglut_main.obj
         .\DebugStatic/freeglut_menu.obj
         .\DebugStatic/freeglut_misc.obj
         .\DebugStatic/freeglut_overlay.obj
         .\DebugStatic/freeglut_state.obj
         .\DebugStatic/freeglut_stroke_mono_roman.obj
         .\DebugStatic/freeglut_stroke_roman.obj
         .\DebugStatic/freeglut_structure.obj
         .\DebugStatic/freeglut_teapot.obj
         .\DebugStatic/freeglut_videoresize.obj
         .\DebugStatic/freeglut_window.obj
         freeglut_static.vcxproj -> C:\Work\Delirium Wars\src\freeglut-2.4.0\.\DebugStatic\freeglut_static.lib
       BscMake:
         C:\Program Files (x86)\Microsoft Visual Studio 10.0\VC\bin\bscmake.exe /nologo /o".\DebugStatic/freeglut_static.bsc" .\DebugStatic\freeglut_callbacks.sbr .\DebugStatic\freeglut_cursor.sbr .\DebugStatic\freeglut_display.sbr .\DebugStatic\freeglut_ext.sbr .\DebugStatic\freeglut_font.sbr .\DebugStatic\freeglut_font_data.sbr .\DebugStatic\freeglut_gamemode.sbr .\DebugStatic\freeglut_geometry.sbr .\DebugStatic\freeglut_glutfont_definitions.sbr .\DebugStatic\freeglut_init.sbr .\DebugStatic\freeglut_joystick.sbr .\DebugStatic\freeglut_main.sbr .\DebugStatic\freeglut_menu.sbr .\DebugStatic\freeglut_misc.sbr .\DebugStatic\freeglut_overlay.sbr .\DebugStatic\freeglut_state.sbr .\DebugStatic\freeglut_stroke_mono_roman.sbr .\DebugStatic\freeglut_stroke_roman.sbr .\DebugStatic\freeglut_structure.sbr .\DebugStatic\freeglut_teapot.sbr .\DebugStatic\freeglut_videoresize.sbr .\DebugStatic\freeglut_window.sbr
       FinalizeBuildStatus:
         Deleting file ".\DebugStatic\freeglut_static.unsuccessfulbuild".
         Touching ".\DebugStatic\freeglut_static.lastbuildstate".
     1>Done Building Project "C:\Work\Delirium Wars\src\freeglut-2.4.0\freeglut_static.vcxproj" (build target(s)).

Build succeeded.

Time Elapsed 00:00:07.49
