Build started 12/10/2010 9:32:53 PM.
     1>Project "C:\Work\Delirium Wars\src\freeglut-2.4.0\freeglut.vcxproj" on node 2 (build target(s)).
     1>InitializeBuildStatus:
         Creating ".\Debug\freeglut.unsuccessfulbuild" because "AlwaysCreate" was specified.
       ClCompile:
         All outputs are up-to-date.
       ManifestResourceCompile:
         All outputs are up-to-date.
       Link:
         All outputs are up-to-date.
         C:\Program Files (x86)\Microsoft Visual Studio 10.0\VC\bin\link.exe /ERRORREPORT:PROMPT /OUT:"..\..\bin\freeglut.dll" /INCREMENTAL /NOLOGO kernel32.lib user32.lib gdi32.lib winspool.lib comdlg32.lib advapi32.lib shell32.lib ole32.lib oleaut32.lib uuid.lib odbc32.lib odbccp32.lib /MANIFEST /ManifestFile:".\Debug\freeglut.dll.intermediate.manifest" /MANIFESTUAC:"level='asInvoker' uiAccess='false'" /DEBUG /PDB:".\Debug/freeglut.pdb" /TLBID:1 /DYNAMICBASE:NO /IMPLIB:".\Debug/freeglut.lib" /MACHINE:X86 /DLL .\Debug\freeglut.dll.embed.manifest.res
         .\Debug/freeglut_callbacks.obj
         .\Debug/freeglut_cursor.obj
         .\Debug/freeglut_display.obj
         .\Debug/freeglut_ext.obj
         .\Debug/freeglut_font.obj
         .\Debug/freeglut_font_data.obj
         .\Debug/freeglut_gamemode.obj
         .\Debug/freeglut_geometry.obj
         .\Debug/freeglut_glutfont_definitions.obj
         .\Debug/freeglut_init.obj
         .\Debug/freeglut_joystick.obj
         .\Debug/freeglut_main.obj
         .\Debug/freeglut_menu.obj
         .\Debug/freeglut_misc.obj
         .\Debug/freeglut_overlay.obj
         .\Debug/freeglut_state.obj
         .\Debug/freeglut_stroke_mono_roman.obj
         .\Debug/freeglut_stroke_roman.obj
         .\Debug/freeglut_structure.obj
         .\Debug/freeglut_teapot.obj
         .\Debug/freeglut_videoresize.obj
         .\Debug/freeglut_window.obj
            Creating library .\Debug/freeglut.lib and object .\Debug/freeglut.exp
       Manifest:
         C:\Program Files (x86)\Microsoft SDKs\Windows\v7.0A\bin\mt.exe /nologo /verbose /out:".\Debug\freeglut.dll.embed.manifest" /manifest .\Debug\freeglut.dll.intermediate.manifest
         All outputs are up-to-date.
       LinkEmbedManifest:
         All outputs are up-to-date.
         freeglut.vcxproj -> C:\Work\Delirium Wars\src\freeglut-2.4.0\..\..\bin\freeglut.dll
       BscMake:
         All outputs are up-to-date.
       CopyFilesToOutputDirectory:
         Copying file from ".\Debug\freeglut.pdb" to "..\..\bin\freeglut.pdb".
       FinalizeBuildStatus:
         Deleting file ".\Debug\freeglut.unsuccessfulbuild".
         Touching ".\Debug\freeglut.lastbuildstate".
     1>Done Building Project "C:\Work\Delirium Wars\src\freeglut-2.4.0\freeglut.vcxproj" (build target(s)).

Build succeeded.

Time Elapsed 00:00:00.43
